2021-07-23 11:51:17,095 INFO [main] o.a.n.b.NotificationServiceManager Successfully loaded the following 0 services: []
2021-07-23 11:51:17,097 INFO [main] org.apache.nifi.bootstrap.RunNiFi Registered no Notification Services for Notification Type NIFI_STARTED
2021-07-23 11:51:17,098 INFO [main] org.apache.nifi.bootstrap.RunNiFi Registered no Notification Services for Notification Type NIFI_STOPPED
2021-07-23 11:51:17,098 INFO [main] org.apache.nifi.bootstrap.RunNiFi Registered no Notification Services for Notification Type NIFI_DIED
2021-07-23 11:51:17,101 INFO [main] org.apache.nifi.bootstrap.RunNiFi Runtime Java version: 1.8.0_242
2021-07-23 11:51:17,113 INFO [main] org.apache.nifi.bootstrap.Command Starting Apache NiFi...
2021-07-23 11:51:17,113 INFO [main] org.apache.nifi.bootstrap.Command Working Directory: /opt/nifi/nifi-current
2021-07-23 11:51:17,113 INFO [main] org.apache.nifi.bootstrap.Command Command: /usr/local/openjdk-8/bin/java -classpath /opt/nifi/nifi-current/./conf:/opt/nifi/nifi-current/./lib/logback-classic-1.2.3.jar:/opt/nifi/nifi-current/./lib/nifi-nar-utils-1.11.4.jar:/opt/nifi/nifi-current/./lib/logback-core-1.2.3.jar:/opt/nifi/nifi-current/./lib/nifi-framework-api-1.11.4.jar:/opt/nifi/nifi-current/./lib/jul-to-slf4j-1.7.30.jar:/opt/nifi/nifi-current/./lib/slf4j-api-1.7.30.jar:/opt/nifi/nifi-current/./lib/nifi-api-1.11.4.jar:/opt/nifi/nifi-current/./lib/jetty-schemas-3.1.jar:/opt/nifi/nifi-current/./lib/nifi-properties-1.11.4.jar:/opt/nifi/nifi-current/./lib/javax.servlet-api-3.1.0.jar:/opt/nifi/nifi-current/./lib/nifi-runtime-1.11.4.jar:/opt/nifi/nifi-current/./lib/log4j-over-slf4j-1.7.30.jar:/opt/nifi/nifi-current/./lib/jcl-over-slf4j-1.7.30.jar -Dorg.apache.jasper.compiler.disablejsr199=true -Xmx512m -Xms512m -Djavax.security.auth.useSubjectCredsOnly=true -Djava.security.egd=file:/dev/urandom -Dsun.net.http.allowRestrictedHeaders=true -Djava.net.preferIPv4Stack=true -Djava.awt.headless=true -Djava.protocol.handler.pkgs=sun.net.www.protocol -Dzookeeper.admin.enableServer=false -Dnifi.properties.file.path=/opt/nifi/nifi-current/./conf/nifi.properties -Dnifi.bootstrap.listen.port=46527 -Dapp=NiFi -Dorg.apache.nifi.bootstrap.config.log.dir=/opt/nifi/nifi-current/logs org.apache.nifi.NiFi 
2021-07-23 11:51:17,135 INFO [main] org.apache.nifi.bootstrap.Command Launched Apache NiFi with Process ID 54
2021-07-23 11:51:17,694 INFO [NiFi Bootstrap Command Listener] org.apache.nifi.bootstrap.RunNiFi Apache NiFi now running and listening for Bootstrap requests on port 37229
2021-07-23 19:28:39,098 INFO [main] o.a.n.b.NotificationServiceManager Successfully loaded the following 0 services: []
2021-07-23 19:28:39,101 INFO [main] org.apache.nifi.bootstrap.RunNiFi Registered no Notification Services for Notification Type NIFI_STARTED
2021-07-23 19:28:39,101 INFO [main] org.apache.nifi.bootstrap.RunNiFi Registered no Notification Services for Notification Type NIFI_STOPPED
2021-07-23 19:28:39,101 INFO [main] org.apache.nifi.bootstrap.RunNiFi Registered no Notification Services for Notification Type NIFI_DIED
2021-07-23 19:28:39,104 INFO [main] org.apache.nifi.bootstrap.RunNiFi Runtime Java version: 1.8.0_242
2021-07-23 19:28:39,111 INFO [main] org.apache.nifi.bootstrap.Command Starting Apache NiFi...
2021-07-23 19:28:39,112 INFO [main] org.apache.nifi.bootstrap.Command Working Directory: /opt/nifi/nifi-current
2021-07-23 19:28:39,112 INFO [main] org.apache.nifi.bootstrap.Command Command: /usr/local/openjdk-8/bin/java -classpath /opt/nifi/nifi-current/./conf:/opt/nifi/nifi-current/./lib/logback-classic-1.2.3.jar:/opt/nifi/nifi-current/./lib/nifi-nar-utils-1.11.4.jar:/opt/nifi/nifi-current/./lib/logback-core-1.2.3.jar:/opt/nifi/nifi-current/./lib/nifi-framework-api-1.11.4.jar:/opt/nifi/nifi-current/./lib/jul-to-slf4j-1.7.30.jar:/opt/nifi/nifi-current/./lib/slf4j-api-1.7.30.jar:/opt/nifi/nifi-current/./lib/nifi-api-1.11.4.jar:/opt/nifi/nifi-current/./lib/jetty-schemas-3.1.jar:/opt/nifi/nifi-current/./lib/nifi-properties-1.11.4.jar:/opt/nifi/nifi-current/./lib/javax.servlet-api-3.1.0.jar:/opt/nifi/nifi-current/./lib/nifi-runtime-1.11.4.jar:/opt/nifi/nifi-current/./lib/log4j-over-slf4j-1.7.30.jar:/opt/nifi/nifi-current/./lib/jcl-over-slf4j-1.7.30.jar -Dorg.apache.jasper.compiler.disablejsr199=true -Xmx512m -Xms512m -Djavax.security.auth.useSubjectCredsOnly=true -Djava.security.egd=file:/dev/urandom -Dsun.net.http.allowRestrictedHeaders=true -Djava.net.preferIPv4Stack=true -Djava.awt.headless=true -Djava.protocol.handler.pkgs=sun.net.www.protocol -Dzookeeper.admin.enableServer=false -Dnifi.properties.file.path=/opt/nifi/nifi-current/./conf/nifi.properties -Dnifi.bootstrap.listen.port=46485 -Dapp=NiFi -Dorg.apache.nifi.bootstrap.config.log.dir=/opt/nifi/nifi-current/logs org.apache.nifi.NiFi 
2021-07-23 19:28:39,126 INFO [main] org.apache.nifi.bootstrap.Command Launched Apache NiFi with Process ID 53
2021-07-23 19:28:39,655 INFO [NiFi Bootstrap Command Listener] org.apache.nifi.bootstrap.RunNiFi Apache NiFi now running and listening for Bootstrap requests on port 43937
2021-07-23 20:31:47,692 INFO [main] o.a.n.b.NotificationServiceManager Successfully loaded the following 0 services: []
2021-07-23 20:31:47,695 INFO [main] org.apache.nifi.bootstrap.RunNiFi Registered no Notification Services for Notification Type NIFI_STARTED
2021-07-23 20:31:47,695 INFO [main] org.apache.nifi.bootstrap.RunNiFi Registered no Notification Services for Notification Type NIFI_STOPPED
2021-07-23 20:31:47,695 INFO [main] org.apache.nifi.bootstrap.RunNiFi Registered no Notification Services for Notification Type NIFI_DIED
2021-07-23 20:31:47,698 INFO [main] org.apache.nifi.bootstrap.RunNiFi Runtime Java version: 1.8.0_242
2021-07-23 20:31:47,709 INFO [main] org.apache.nifi.bootstrap.Command Starting Apache NiFi...
2021-07-23 20:31:47,709 INFO [main] org.apache.nifi.bootstrap.Command Working Directory: /opt/nifi/nifi-current
2021-07-23 20:31:47,709 INFO [main] org.apache.nifi.bootstrap.Command Command: /usr/local/openjdk-8/bin/java -classpath /opt/nifi/nifi-current/./conf:/opt/nifi/nifi-current/./lib/logback-classic-1.2.3.jar:/opt/nifi/nifi-current/./lib/nifi-nar-utils-1.11.4.jar:/opt/nifi/nifi-current/./lib/logback-core-1.2.3.jar:/opt/nifi/nifi-current/./lib/nifi-framework-api-1.11.4.jar:/opt/nifi/nifi-current/./lib/jul-to-slf4j-1.7.30.jar:/opt/nifi/nifi-current/./lib/slf4j-api-1.7.30.jar:/opt/nifi/nifi-current/./lib/nifi-api-1.11.4.jar:/opt/nifi/nifi-current/./lib/jetty-schemas-3.1.jar:/opt/nifi/nifi-current/./lib/nifi-properties-1.11.4.jar:/opt/nifi/nifi-current/./lib/javax.servlet-api-3.1.0.jar:/opt/nifi/nifi-current/./lib/nifi-runtime-1.11.4.jar:/opt/nifi/nifi-current/./lib/log4j-over-slf4j-1.7.30.jar:/opt/nifi/nifi-current/./lib/jcl-over-slf4j-1.7.30.jar -Dorg.apache.jasper.compiler.disablejsr199=true -Xmx512m -Xms512m -Djavax.security.auth.useSubjectCredsOnly=true -Djava.security.egd=file:/dev/urandom -Dsun.net.http.allowRestrictedHeaders=true -Djava.net.preferIPv4Stack=true -Djava.awt.headless=true -Djava.protocol.handler.pkgs=sun.net.www.protocol -Dzookeeper.admin.enableServer=false -Dnifi.properties.file.path=/opt/nifi/nifi-current/./conf/nifi.properties -Dnifi.bootstrap.listen.port=41915 -Dapp=NiFi -Dorg.apache.nifi.bootstrap.config.log.dir=/opt/nifi/nifi-current/logs org.apache.nifi.NiFi 
2021-07-23 20:31:47,759 INFO [main] org.apache.nifi.bootstrap.Command Launched Apache NiFi with Process ID 54
2021-07-23 20:31:48,356 INFO [NiFi Bootstrap Command Listener] org.apache.nifi.bootstrap.RunNiFi Apache NiFi now running and listening for Bootstrap requests on port 43315
2021-07-23 20:39:56,925 INFO [main] o.a.n.b.NotificationServiceManager Successfully loaded the following 0 services: []
2021-07-23 20:39:56,928 INFO [main] org.apache.nifi.bootstrap.RunNiFi Registered no Notification Services for Notification Type NIFI_STARTED
2021-07-23 20:39:56,928 INFO [main] org.apache.nifi.bootstrap.RunNiFi Registered no Notification Services for Notification Type NIFI_STOPPED
2021-07-23 20:39:56,928 INFO [main] org.apache.nifi.bootstrap.RunNiFi Registered no Notification Services for Notification Type NIFI_DIED
2021-07-23 20:39:56,931 INFO [main] org.apache.nifi.bootstrap.RunNiFi Runtime Java version: 1.8.0_242
2021-07-23 20:39:56,941 INFO [main] org.apache.nifi.bootstrap.Command Starting Apache NiFi...
2021-07-23 20:39:56,941 INFO [main] org.apache.nifi.bootstrap.Command Working Directory: /opt/nifi/nifi-current
2021-07-23 20:39:56,941 INFO [main] org.apache.nifi.bootstrap.Command Command: /usr/local/openjdk-8/bin/java -classpath /opt/nifi/nifi-current/./conf:/opt/nifi/nifi-current/./lib/logback-classic-1.2.3.jar:/opt/nifi/nifi-current/./lib/nifi-nar-utils-1.11.4.jar:/opt/nifi/nifi-current/./lib/logback-core-1.2.3.jar:/opt/nifi/nifi-current/./lib/nifi-framework-api-1.11.4.jar:/opt/nifi/nifi-current/./lib/jul-to-slf4j-1.7.30.jar:/opt/nifi/nifi-current/./lib/slf4j-api-1.7.30.jar:/opt/nifi/nifi-current/./lib/nifi-api-1.11.4.jar:/opt/nifi/nifi-current/./lib/jetty-schemas-3.1.jar:/opt/nifi/nifi-current/./lib/nifi-properties-1.11.4.jar:/opt/nifi/nifi-current/./lib/javax.servlet-api-3.1.0.jar:/opt/nifi/nifi-current/./lib/nifi-runtime-1.11.4.jar:/opt/nifi/nifi-current/./lib/log4j-over-slf4j-1.7.30.jar:/opt/nifi/nifi-current/./lib/jcl-over-slf4j-1.7.30.jar -Dorg.apache.jasper.compiler.disablejsr199=true -Xmx512m -Xms512m -Djavax.security.auth.useSubjectCredsOnly=true -Djava.security.egd=file:/dev/urandom -Dsun.net.http.allowRestrictedHeaders=true -Djava.net.preferIPv4Stack=true -Djava.awt.headless=true -Djava.protocol.handler.pkgs=sun.net.www.protocol -Dzookeeper.admin.enableServer=false -Dnifi.properties.file.path=/opt/nifi/nifi-current/./conf/nifi.properties -Dnifi.bootstrap.listen.port=34319 -Dapp=NiFi -Dorg.apache.nifi.bootstrap.config.log.dir=/opt/nifi/nifi-current/logs org.apache.nifi.NiFi 
2021-07-23 20:39:56,964 INFO [main] org.apache.nifi.bootstrap.Command Launched Apache NiFi with Process ID 53
2021-07-23 20:39:57,536 INFO [NiFi Bootstrap Command Listener] org.apache.nifi.bootstrap.RunNiFi Apache NiFi now running and listening for Bootstrap requests on port 36179
